时间：2013-08-09 13:05:36.030246
内容：连接行情服务器成功!

时间：2013-08-09 13:05:38.191103
内容：返回包内容大小1：266

时间：2013-08-09 13:05:38.193104
内容：累计接收：266

时间：2013-08-09 13:05:38.194103
内容：全部接收：266

时间：2013-08-09 13:05:38.196104
内容：返回包头大小23

时间：2013-08-09 13:05:38.198102
内容：返回包内容大小266

时间：2013-08-09 13:05:38.200104
内容：错误码0

时间：2013-08-09 13:05:38.201101
内容：视图层收到应答

时间：2013-08-09 13:07:00.586987
内容：连接行情服务器成功!

时间：2013-08-09 13:07:03.067412
内容：返回包内容大小1：264

时间：2013-08-09 13:07:03.200457
内容：累计接收：264

时间：2013-08-09 13:07:03.202429
内容：全部接收：264

时间：2013-08-09 13:07:03.203429
内容：返回包头大小23

时间：2013-08-09 13:07:03.205429
内容：返回包内容大小264

时间：2013-08-09 13:07:03.206433
内容：错误码0

时间：2013-08-09 13:07:03.208432
内容：视图层收到应答

时间：2013-08-09 13:26:04.983875
内容：连接行情服务器成功!

时间：2013-08-09 13:26:14.671192
内容：返回包内容大小1：264

时间：2013-08-09 13:26:14.814209
内容：累计接收：264

时间：2013-08-09 13:26:14.815210
内容：全部接收：264

时间：2013-08-09 13:26:14.817194
内容：返回包头大小23

时间：2013-08-09 13:26:14.818194
内容：返回包内容大小264

时间：2013-08-09 13:26:14.819194
内容：错误码0

时间：2013-08-09 13:26:14.821200
内容：视图层收到应答

时间：2013-08-09 13:28:42.779271
内容：连接行情服务器成功!

时间：2013-08-09 13:28:45.250790
内容：返回包内容大小1：2098

时间：2013-08-09 13:28:45.252777
内容：累计接收：1391

时间：2013-08-09 13:28:45.346803
内容：累计接收：2098

时间：2013-08-09 13:28:45.348773
内容：全部接收：2098

时间：2013-08-09 13:28:45.598399
内容：zlib error

时间：2013-08-09 13:30:18.855320
内容：连接行情服务器成功!

时间：2013-08-09 13:30:21.079607
内容：返回包内容大小1：1814

时间：2013-08-09 13:30:21.080608
内容：累计接收：1460

时间：2013-08-09 13:30:21.169619
内容：累计接收：1814

时间：2013-08-09 13:30:21.170620
内容：全部接收：1814

时间：2013-08-09 13:30:21.173622
内容：返回包头大小23

时间：2013-08-09 13:30:21.174619
内容：返回包内容大小2690

时间：2013-08-09 13:30:21.176621
内容：错误码0

时间：2013-08-09 13:30:21.177620
内容：CGridWnd视图层收到应答

时间：2013-08-09 13:30:21.392665
内容：返回包内容大小1：2121

时间：2013-08-09 13:30:21.394666
内容：累计接收：1460

时间：2013-08-09 13:30:21.481661
内容：累计接收：2121

时间：2013-08-09 13:30:21.483660
内容：全部接收：2121

时间：2013-08-09 13:30:21.485659
内容：返回包头大小23

时间：2013-08-09 13:30:21.487661
内容：返回包内容大小5472

时间：2013-08-09 13:30:21.488660
内容：错误码0

时间：2013-08-09 13:30:21.490660
内容：CTickChartWnd视图层收到应答

时间：2013-08-09 13:30:33.293846
内容：返回包内容大小1：267

时间：2013-08-09 13:30:33.300849
内容：累计接收：267

时间：2013-08-09 13:30:33.305847
内容：全部接收：267

时间：2013-08-09 13:30:33.474873
内容：返回包头大小23

时间：2013-08-09 13:30:33.476866
内容：返回包内容大小267

时间：2013-08-09 13:30:33.478871
内容：错误码0

时间：2013-08-09 13:30:33.480870
内容：CRealtimeWnd视图层收到应答

时间：2013-08-09 13:30:33.521875
内容：返回包内容大小1：750

时间：2013-08-09 13:30:33.653888
内容：累计接收：750

时间：2013-08-09 13:30:33.655906
内容：全部接收：750

时间：2013-08-09 13:30:33.658890
内容：返回包头大小23

时间：2013-08-09 13:30:33.660889
内容：返回包内容大小750

时间：2013-08-09 13:30:33.662907
内容：错误码0

时间：2013-08-09 13:30:33.664906
内容：CDetailWnd视图层收到应答

时间：2013-08-09 13:43:39.258646
内容：连接行情服务器成功!

时间：2013-08-09 13:43:43.363279
内容：返回包内容大小1：1812

时间：2013-08-09 13:43:43.365280
内容：累计接收：1460

时间：2013-08-09 13:43:43.459292
内容：累计接收：1812

时间：2013-08-09 13:43:43.460291
内容：全部接收：1812

时间：2013-08-09 13:43:43.462291
内容：返回包头大小23

时间：2013-08-09 13:43:43.465318
内容：返回包内容大小2686

时间：2013-08-09 13:43:43.466320
内容：错误码0

时间：2013-08-09 13:43:43.468319
内容：CGridWnd视图层收到应答

时间：2013-08-09 13:43:43.469290
内容：RES_GRID


时间：2013-08-09 13:43:43.694319
内容：返回包内容大小1：2289

时间：2013-08-09 13:43:43.696321
内容：累计接收：1460

时间：2013-08-09 13:43:43.790348
内容：累计接收：2289

时间：2013-08-09 13:43:43.792333
内容：全部接收：2289

时间：2013-08-09 13:43:43.795336
内容：返回包头大小23

时间：2013-08-09 13:43:43.796353
内容：返回包内容大小5940

时间：2013-08-09 13:43:43.797335
内容：错误码0

时间：2013-08-09 13:43:43.799333
内容：CTickChartWnd视图层收到应答

时间：2013-08-09 13:43:44.024361
内容：返回包内容大小1：264

时间：2013-08-09 13:43:44.161383
内容：累计接收：264

时间：2013-08-09 13:43:44.163409
内容：全部接收：264

时间：2013-08-09 13:43:44.166399
内容：返回包头大小23

时间：2013-08-09 13:43:44.167382
内容：返回包内容大小264

时间：2013-08-09 13:43:44.169403
内容：错误码0

时间：2013-08-09 13:43:44.171400
内容：CRealtimeWnd视图层收到应答

时间：2013-08-09 13:43:44.172381
内容：RES_REALTIME


时间：2013-08-09 13:43:44.398410
内容：返回包内容大小1：750

时间：2013-08-09 13:43:44.545445
内容：累计接收：750

时间：2013-08-09 13:43:44.547430
内容：全部接收：750

时间：2013-08-09 13:43:44.549433
内容：返回包头大小23

时间：2013-08-09 13:43:44.550431
内容：返回包内容大小750

时间：2013-08-09 13:43:44.552448
内容：错误码0

时间：2013-08-09 13:43:44.553431
内容：CDetailWnd视图层收到应答

时间：2013-08-09 13:43:44.555449
内容：RES_DETAIL


时间：2013-08-09 14:43:53.493570
内容：连接行情服务器成功!

时间：2013-08-09 14:43:56.040415
内容：返回包内容大小1：1794

时间：2013-08-09 14:43:56.042397
内容：累计接收：1460

时间：2013-08-09 14:43:56.076403
内容：累计接收：1794

时间：2013-08-09 14:43:56.079403
内容：全部接收：1794

时间：2013-08-09 14:43:56.081420
内容：返回包头大小23

时间：2013-08-09 14:43:56.082403
内容：返回包内容大小2736

时间：2013-08-09 14:43:56.083420
内容：错误码0

时间：2013-08-09 14:43:56.085405
内容：CGridWnd视图层收到应答

时间：2013-08-09 14:43:56.086404
内容：RES_GRID


时间：2013-08-09 14:43:56.192417
内容：返回包内容大小1：3023

时间：2013-08-09 14:43:56.193435
内容：累计接收：2920

时间：2013-08-09 14:43:56.228421
内容：累计接收：3023

时间：2013-08-09 14:43:56.230440
内容：全部接收：3023

时间：2013-08-09 14:43:56.232441
内容：返回包头大小23

时间：2013-08-09 14:43:56.234441
内容：返回包内容大小8100

时间：2013-08-09 14:43:56.236423
内容：错误码0

时间：2013-08-09 14:43:56.237442
内容：CTickChartWnd视图层收到应答

时间：2013-08-09 14:43:56.342436
内容：返回包内容大小1：272

时间：2013-08-09 14:43:56.425464
内容：累计接收：272

时间：2013-08-09 14:43:56.427477
内容：全部接收：272

时间：2013-08-09 14:43:56.429467
内容：返回包头大小23

时间：2013-08-09 14:43:56.430448
内容：返回包内容大小272

时间：2013-08-09 14:43:56.432470
内容：错误码0

时间：2013-08-09 14:43:56.433450
内容：CRealtimeWnd视图层收到应答

时间：2013-08-09 14:43:56.434466
内容：RES_REALTIME


时间：2013-08-09 14:43:56.540479
内容：返回包内容大小1：750

时间：2013-08-09 14:43:56.624502
内容：累计接收：750

时间：2013-08-09 14:43:56.626473
内容：全部接收：750

时间：2013-08-09 14:43:56.627474
内容：返回包头大小23

时间：2013-08-09 14:43:56.629473
内容：返回包内容大小750

时间：2013-08-09 14:43:56.630473
内容：错误码0

时间：2013-08-09 14:43:56.632493
内容：CDetailWnd视图层收到应答

时间：2013-08-09 14:43:56.634490
内容：RES_DETAIL


时间：2013-08-09 14:44:29.227559
内容：返回包内容大小1：3035

时间：2013-08-09 14:44:29.229559
内容：累计接收：2920

时间：2013-08-09 14:44:29.264564
内容：累计接收：3035

时间：2013-08-09 14:44:29.266564
内容：全部接收：3035

时间：2013-08-09 14:44:29.269583
内容：返回包头大小23

时间：2013-08-09 14:44:29.270565
内容：返回包内容大小8136

时间：2013-08-09 14:44:29.273583
内容：错误码0

时间：2013-08-09 14:44:29.275566
内容：CTickChartWnd视图层收到应答

时间：2013-08-09 14:44:29.378579
内容：返回包内容大小1：274

时间：2013-08-09 14:44:29.462589
内容：累计接收：274

时间：2013-08-09 14:44:29.463588
内容：全部接收：274

时间：2013-08-09 14:44:29.465589
内容：返回包头大小23

时间：2013-08-09 14:44:29.467590
内容：返回包内容大小274

时间：2013-08-09 14:44:29.470590
内容：错误码0

时间：2013-08-09 14:44:29.472590
内容：CRealtimeWnd视图层收到应答

时间：2013-08-09 14:44:29.473590
内容：RES_REALTIME


时间：2013-08-09 14:44:29.575622
内容：返回包内容大小1：750

时间：2013-08-09 14:44:29.662646
内容：累计接收：750

时间：2013-08-09 14:44:29.665615
内容：全部接收：750

时间：2013-08-09 14:44:29.668615
内容：返回包头大小23

时间：2013-08-09 14:44:29.671634
内容：返回包内容大小750

时间：2013-08-09 14:44:29.674617
内容：错误码0

时间：2013-08-09 14:44:29.677618
内容：CDetailWnd视图层收到应答

时间：2013-08-09 14:44:29.680617
内容：RES_DETAIL


时间：2013-08-09 18:12:27.303328
内容：连接行情服务器成功!

时间：2013-08-09 18:12:30.025045
内容：返回包内容大小1：1796

时间：2013-08-09 18:12:30.027046
内容：累计接收：1460

时间：2013-08-09 18:12:30.062050
内容：累计接收：1796

时间：2013-08-09 18:12:30.064051
内容：全部接收：1796

时间：2013-08-09 18:12:30.066051
内容：返回包头大小23

时间：2013-08-09 18:12:30.068050
内容：返回包内容大小2747

时间：2013-08-09 18:12:30.070053
内容：错误码0

时间：2013-08-09 18:12:30.071052
内容：CGridWnd视图层收到应答

时间：2013-08-09 18:12:30.073052
内容：RES_GRID


时间：2013-08-09 18:12:30.179066
内容：返回包内容大小1：3237

时间：2013-08-09 18:12:30.181067
内容：累计接收：2920

时间：2013-08-09 18:12:30.217088
内容：累计接收：3237

时间：2013-08-09 18:12:30.218072
内容：全部接收：3237

时间：2013-08-09 18:12:30.220083
内容：返回包头大小23

时间：2013-08-09 18:12:30.222086
内容：返回包内容大小8676

时间：2013-08-09 18:12:30.224072
内容：错误码0

时间：2013-08-09 18:12:30.226075
内容：CTickChartWnd视图层收到应答

时间：2013-08-09 18:12:30.335085
内容：返回包内容大小1：273

时间：2013-08-09 18:12:30.414095
内容：累计接收：273

时间：2013-08-09 18:12:30.416095
内容：全部接收：273

时间：2013-08-09 18:12:30.417096
内容：返回包头大小23

时间：2013-08-09 18:12:30.420096
内容：返回包内容大小273

时间：2013-08-09 18:12:30.421100
内容：错误码0

时间：2013-08-09 18:12:30.423097
内容：CRealtimeWnd视图层收到应答

时间：2013-08-09 18:12:30.425096
内容：RES_REALTIME


时间：2013-08-09 18:12:30.529110
内容：返回包内容大小1：750

时间：2013-08-09 18:12:30.616121
内容：累计接收：750

时间：2013-08-09 18:12:30.618121
内容：全部接收：750

时间：2013-08-09 18:12:30.619121
内容：返回包头大小23

时间：2013-08-09 18:12:30.622122
内容：返回包内容大小750

时间：2013-08-09 18:12:30.624122
内容：错误码0

时间：2013-08-09 18:12:30.626122
内容：CDetailWnd视图层收到应答

时间：2013-08-09 18:12:30.627123
内容：RES_DETAIL


时间：2013-08-09 18:12:42.161428
内容：断开行情服务器连接成功!

时间：2013-08-12 14:23:53.119297
内容：连接行情服务器成功!

时间：2013-08-12 14:24:03.035679
内容：返回包内容大小1：1830

时间：2013-08-12 14:24:03.037677
内容：累计接收：1460

时间：2013-08-12 14:24:03.063680
内容：累计接收：1830

时间：2013-08-12 14:24:03.064678
内容：全部接收：1830

时间：2013-08-12 14:24:03.066679
内容：返回包头大小23

时间：2013-08-12 14:24:03.068680
内容：返回包内容大小2720

时间：2013-08-12 14:24:03.069680
内容：错误码0

时间：2013-08-12 14:24:03.070698
内容：CGridWnd视图层收到应答

时间：2013-08-12 14:24:03.072680
内容：RES_GRID


时间：2013-08-12 14:24:03.163709
内容：返回包内容大小1：2974

时间：2013-08-12 14:24:03.165716
内容：累计接收：2920

时间：2013-08-12 14:24:03.192695
内容：累计接收：2974

时间：2013-08-12 14:24:03.194696
内容：全部接收：2974

时间：2013-08-12 14:24:03.196696
内容：返回包头大小23

时间：2013-08-12 14:24:03.197695
内容：返回包内容大小7380

时间：2013-08-12 14:24:03.199696
内容：错误码0

时间：2013-08-12 14:24:03.200698
内容：CTickChartWnd视图层收到应答

时间：2013-08-12 14:24:03.291729
内容：返回包内容大小1：274

时间：2013-08-12 14:24:03.369746
内容：累计接收：274

时间：2013-08-12 14:24:03.370746
内容：全部接收：274

时间：2013-08-12 14:24:03.372736
内容：返回包头大小23

时间：2013-08-12 14:24:03.374720
内容：返回包内容大小274

时间：2013-08-12 14:24:03.376748
内容：错误码0

时间：2013-08-12 14:24:03.379741
内容：CRealtimeWnd视图层收到应答

时间：2013-08-12 14:24:03.381721
内容：RES_REALTIME


时间：2013-08-12 14:24:03.466731
内容：返回包内容大小1：750

时间：2013-08-12 14:24:03.541768
内容：累计接收：750

时间：2013-08-12 14:24:03.543742
内容：全部接收：750

时间：2013-08-12 14:24:03.545767
内容：返回包头大小23

时间：2013-08-12 14:24:03.546769
内容：返回包内容大小750

时间：2013-08-12 14:24:03.548768
内容：错误码0

时间：2013-08-12 14:24:03.549759
内容：CDetailWnd视图层收到应答

时间：2013-08-12 14:24:03.551760
内容：RES_DETAIL


时间：2013-08-12 16:01:45.864305
内容：连接行情服务器成功!

时间：2013-08-12 16:01:49.249090
内容：返回包内容大小1：1832

时间：2013-08-12 16:01:49.249090
内容：累计接收：1460

时间：2013-08-12 16:01:49.280294
内容：累计接收：1832

时间：2013-08-12 16:01:49.280294
内容：全部接收：1832

时间：2013-08-12 16:01:49.280294
内容：返回包头大小23

时间：2013-08-12 16:01:49.280294
内容：返回包内容大小2753

时间：2013-08-12 16:01:49.280294
内容：错误码0

时间：2013-08-12 16:01:49.280294
内容：CGridWnd视图层收到应答

时间：2013-08-12 16:01:49.280294
内容：RES_GRID


时间：2013-08-12 16:01:49.373892
内容：返回包内容大小1：3495

时间：2013-08-12 16:01:49.373892
内容：累计接收：2920

时间：2013-08-12 16:01:49.405115
内容：累计接收：3495

时间：2013-08-12 16:01:49.405115
内容：全部接收：3495

时间：2013-08-12 16:01:49.405115
内容：返回包头大小23

时间：2013-08-12 16:01:49.420692
内容：返回包内容大小8676

时间：2013-08-12 16:01:49.420692
内容：错误码0

时间：2013-08-12 16:01:49.420692
内容：CTickChartWnd视图层收到应答

时间：2013-08-12 16:01:49.498692
内容：返回包内容大小1：274

时间：2013-08-12 16:01:49.576695
内容：累计接收：274

时间：2013-08-12 16:01:49.576695
内容：全部接收：274

时间：2013-08-12 16:01:49.592313
内容：返回包头大小23

时间：2013-08-12 16:01:49.592313
内容：返回包内容大小274

时间：2013-08-12 16:01:49.592313
内容：错误码0

时间：2013-08-12 16:01:49.592313
内容：CRealtimeWnd视图层收到应答

时间：2013-08-12 16:01:49.592313
内容：RES_REALTIME


时间：2013-08-12 16:01:49.685894
内容：返回包内容大小1：750

时间：2013-08-12 16:01:49.764322
内容：累计接收：750

时间：2013-08-12 16:01:49.767314
内容：全部接收：750

时间：2013-08-12 16:01:49.769297
内容：返回包头大小23

时间：2013-08-12 16:01:49.770299
内容：返回包内容大小750

时间：2013-08-12 16:01:49.772297
内容：错误码0

时间：2013-08-12 16:01:49.773298
内容：CDetailWnd视图层收到应答

时间：2013-08-12 16:01:49.775316
内容：RES_DETAIL


时间：2013-08-12 16:02:40.150068
内容：断开行情服务器连接成功!

时间：2013-08-13 14:17:21.647772
内容：连接行情服务器成功!

时间：2013-08-13 14:26:28.780160
内容：连接行情服务器成功!

时间：2013-08-13 14:30:56.106386
内容：连接行情服务器成功!

时间：2013-08-13 14:50:42.125573
内容：连接行情服务器成功!

时间：2013-08-13 14:51:49.676493
内容：连接行情服务器成功!

时间：2013-08-13 14:52:50.141630
内容：连接行情服务器成功!

时间：2013-08-13 14:53:35.731511
内容：连接行情服务器成功!

时间：2013-08-13 14:55:57.609084
内容：连接行情服务器成功!

时间：2013-08-13 14:57:21.048415
内容：连接行情服务器成功!

时间：2013-08-13 15:18:23.951914
内容：连接行情服务器成功!

时间：2013-08-13 15:22:29.512250
内容：连接行情服务器成功!

时间：2013-08-13 15:22:57.853411
内容：连接行情服务器成功!

时间：2013-08-13 15:36:59.442751
内容：连接行情服务器成功!

时间：2013-08-13 15:37:43.333645
内容：连接行情服务器成功!

时间：2013-08-13 15:38:31.994105
内容：连接行情服务器成功!

时间：2013-08-13 15:42:09.469906
内容：连接行情服务器成功!

时间：2013-08-13 15:43:22.370519
内容：连接行情服务器成功!

时间：2013-08-13 15:44:20.693109
内容：连接行情服务器成功!

时间：2013-08-13 15:45:05.278823
内容：连接行情服务器成功!

时间：2013-08-13 15:46:16.182423
内容：连接行情服务器成功!

时间：2013-08-13 15:46:34.727736
内容：连接行情服务器成功!

时间：2013-08-13 15:47:22.985686
内容：连接行情服务器成功!

时间：2013-08-13 15:48:24.545826
内容：连接行情服务器成功!

时间：2013-08-13 15:49:36.691041
内容：连接行情服务器成功!

时间：2013-08-13 15:51:47.620266
内容：连接行情服务器成功!

时间：2013-08-13 15:52:57.086406
内容：连接行情服务器成功!

时间：2013-08-13 15:53:35.151940
内容：连接行情服务器成功!

时间：2013-08-13 15:54:24.129056
内容：连接行情服务器成功!

时间：2013-08-13 15:56:22.126115
内容：连接行情服务器成功!

时间：2013-08-13 15:58:49.945773
内容：连接行情服务器成功!

时间：2013-08-13 16:01:19.236733
内容：连接行情服务器成功!

时间：2013-08-13 16:01:58.537511
内容：连接行情服务器成功!

时间：2013-08-13 16:02:58.649576
内容：连接行情服务器成功!

时间：2013-08-13 16:09:34.592179
内容：连接行情服务器成功!

时间：2013-08-13 16:10:19.223647
内容：连接行情服务器成功!

时间：2013-08-13 16:10:41.759972
内容：连接行情服务器成功!

时间：2013-08-13 16:27:47.690265
内容：连接行情服务器成功!

时间：2013-08-13 16:53:46.469493
内容：连接行情服务器成功!

时间：2013-08-13 16:54:36.837338
内容：连接行情服务器成功!

时间：2013-08-13 16:57:49.787284
内容：连接行情服务器成功!

时间：2013-08-13 16:59:39.447137
内容：连接行情服务器成功!

时间：2013-08-13 16:59:59.239556
内容：连接行情服务器成功!

时间：2013-08-13 17:01:14.460580
内容：连接行情服务器成功!

时间：2013-08-13 17:02:08.590241
内容：连接行情服务器成功!

时间：2013-08-13 17:02:40.468649
内容：连接行情服务器成功!

时间：2013-08-13 17:03:05.245683
内容：连接行情服务器成功!

时间：2013-08-13 17:03:25.343643
内容：连接行情服务器成功!

时间：2013-08-13 17:03:44.382399
内容：连接行情服务器成功!

时间：2013-08-13 17:04:07.797969
内容：连接行情服务器成功!

时间：2013-08-13 17:05:51.266435
内容：连接行情服务器成功!

时间：2013-08-13 17:06:30.204308
内容：连接行情服务器成功!

时间：2013-08-13 17:06:58.732452
内容：连接行情服务器成功!

时间：2013-08-13 17:07:17.432246
内容：连接行情服务器成功!

时间：2013-08-13 17:07:42.226024
内容：连接行情服务器成功!

时间：2013-08-13 17:08:12.108395
内容：连接行情服务器成功!

时间：2013-08-13 17:12:21.611897
内容：连接行情服务器成功!

时间：2013-08-13 17:22:12.193526
内容：连接行情服务器成功!

时间：2013-08-13 17:22:43.190987
内容：连接行情服务器成功!

时间：2013-08-13 20:48:54.864135
内容：连接行情服务器成功!

时间：2013-08-13 22:40:48.451351
内容：连接行情服务器成功!

时间：2013-08-13 22:42:10.510754
内容：连接行情服务器成功!

时间：2013-08-14 10:24:07.643067
内容：连接行情服务器成功!

时间：2013-08-14 13:40:23.314327
内容：连接行情服务器成功!

时间：2013-08-14 13:40:27.090859
内容：返回包内容大小1：44

时间：2013-08-14 13:40:27.172852
内容：累计接收：44

时间：2013-08-14 13:40:27.174853
内容：全部接收：44

时间：2013-08-14 13:40:27.176854
内容：返回包头大小23

时间：2013-08-14 13:40:27.177852
内容：返回包内容大小44

时间：2013-08-14 13:40:27.179854
内容：错误码0

时间：2013-08-14 13:40:27.180871
内容：CKLineChartWnd视图层收到应答

时间：2013-08-14 13:50:38.171931
内容：连接行情服务器成功!

时间：2013-08-14 13:50:40.768439
内容：返回包内容大小1：6511

时间：2013-08-14 13:50:40.769440
内容：累计接收：1460

时间：2013-08-14 13:50:40.831448
内容：累计接收：6511

时间：2013-08-14 13:50:40.833448
内容：全部接收：6511

时间：2013-08-14 13:50:40.835448
内容：返回包头大小23

时间：2013-08-14 13:50:40.837450
内容：返回包内容大小11000

时间：2013-08-14 13:50:40.839455
内容：错误码0

时间：2013-08-14 13:50:40.841449
内容：CKLineChartWnd视图层收到应答

时间：2013-08-14 14:06:19.940111
内容：连接行情服务器成功!

时间：2013-08-14 14:06:22.332225
内容：返回包内容大小1：6511

时间：2013-08-14 14:06:22.334228
内容：累计接收：1460

时间：2013-08-14 14:06:22.398233
内容：累计接收：6511

时间：2013-08-14 14:06:22.399233
内容：全部接收：6511

时间：2013-08-14 14:06:22.402237
内容：返回包头大小23

时间：2013-08-14 14:06:22.403235
内容：返回包内容大小11000

时间：2013-08-14 14:06:22.405235
内容：错误码0

时间：2013-08-14 14:06:22.406250
内容：CKLineChartWnd视图层收到应答

时间：2013-08-14 16:27:49.477678
内容：连接行情服务器成功!

时间：2013-08-14 16:28:43.400002
内容：连接行情服务器成功!

时间：2013-08-14 19:38:09.012907
内容：连接行情服务器成功!

时间：2013-08-14 19:39:15.056467
内容：连接行情服务器成功!

时间：2013-08-14 21:48:08.041346
内容：连接行情服务器成功!

时间：2013-08-16 10:29:44.604940
内容：连接行情服务器成功!

时间：2013-08-16 10:29:57.311353
内容：返回包内容大小1：6508

时间：2013-08-16 10:29:57.312353
内容：累计接收：1460

时间：2013-08-16 10:29:57.367359
内容：累计接收：6508

时间：2013-08-16 10:29:57.369359
内容：全部接收：6508

时间：2013-08-16 10:29:57.371359
内容：返回包头大小23

时间：2013-08-16 10:29:57.373360
内容：返回包内容大小11000

时间：2013-08-16 10:29:57.375362
内容：错误码0

时间：2013-08-16 10:29:57.376360
内容：CKLineChartWnd视图层收到应答

时间：2013-08-16 10:30:40.169858
内容：连接行情服务器成功!

时间：2013-08-16 10:30:43.111530
内容：返回包内容大小1：6508

时间：2013-08-16 10:30:43.112530
内容：累计接收：1460

时间：2013-08-16 10:30:43.175538
内容：累计接收：6508

时间：2013-08-16 10:30:43.176539
内容：全部接收：6508

时间：2013-08-16 10:30:43.179542
内容：返回包头大小23

时间：2013-08-16 10:30:43.181558
内容：返回包内容大小11000

时间：2013-08-16 10:30:43.183558
内容：错误码0

时间：2013-08-16 10:30:43.184557
内容：CKLineChartWnd视图层收到应答

时间：2013-08-16 10:31:32.904728
内容：连接行情服务器成功!

时间：2013-08-16 10:31:35.052987
内容：返回包内容大小1：6508

时间：2013-08-16 10:31:35.055004
内容：累计接收：1460

时间：2013-08-16 10:31:35.109992
内容：累计接收：6508

时间：2013-08-16 10:31:35.112011
内容：全部接收：6508

时间：2013-08-16 10:31:35.113993
内容：返回包头大小23

时间：2013-08-16 10:31:35.115993
内容：返回包内容大小11000

时间：2013-08-16 10:31:35.116993
内容：错误码0

时间：2013-08-16 10:31:35.119010
内容：CKLineChartWnd视图层收到应答

时间：2013-08-16 15:25:39.248724
内容：连接行情服务器成功!

时间：2013-08-16 15:25:41.651721
内容：返回包内容大小1：6510

时间：2013-08-16 15:25:41.653739
内容：累计接收：1460

时间：2013-08-16 15:25:41.713747
内容：累计接收：6510

时间：2013-08-16 15:25:41.715748
内容：全部接收：6510

时间：2013-08-16 15:25:41.718729
内容：返回包头大小23

时间：2013-08-16 15:25:41.719730
内容：返回包内容大小11000

时间：2013-08-16 15:25:41.721730
内容：错误码0

时间：2013-08-16 15:25:41.722747
内容：CKLineChartWnd视图层收到应答

时间：2013-08-16 15:25:41.725747
内容：最高价9.03999996

时间：2013-08-16 15:26:14.854645
内容：连接行情服务器成功!

时间：2013-08-16 15:26:17.435537
内容：返回包内容大小1：6510

时间：2013-08-16 15:26:17.436538
内容：累计接收：1460

时间：2013-08-16 15:26:17.493544
内容：累计接收：6510

时间：2013-08-16 15:26:17.495542
内容：全部接收：6510

时间：2013-08-16 15:26:17.498561
内容：返回包头大小23

时间：2013-08-16 15:26:17.499543
内容：返回包内容大小11000

时间：2013-08-16 15:26:17.501543
内容：错误码0

时间：2013-08-16 15:26:17.502545
内容：CKLineChartWnd视图层收到应答

时间：2013-08-16 15:26:17.505545
内容：最高价9.03999996

时间：2013-08-16 15:26:17.506544
内容：最低价7.17999983

时间：2013-08-16 15:26:17.508547
内容：要画的k线个数41

时间：2013-08-16 16:00:10.453746
内容：连接行情服务器成功!

时间：2013-08-16 16:01:17.710099
内容：返回包内容大小1：6510

时间：2013-08-16 16:01:17.712107
内容：累计接收：1460

时间：2013-08-16 16:01:17.766105
内容：累计接收：6510

时间：2013-08-16 16:01:17.768123
内容：全部接收：6510

时间：2013-08-16 16:01:17.770107
内容：返回包头大小23

时间：2013-08-16 16:01:17.772109
内容：返回包内容大小11000

时间：2013-08-16 16:01:17.773106
内容：错误码0

时间：2013-08-16 16:01:17.775125
内容：CKLineChartWnd视图层收到应答

时间：2013-08-16 16:01:17.777123
内容：最高价9.03999996

时间：2013-08-16 16:01:17.779106
内容：最低价7.17999983

时间：2013-08-16 16:01:17.780106
内容：要画的k线个数41

时间：2013-08-16 16:24:38.665219
内容：连接行情服务器成功!

时间：2013-08-16 16:24:40.833379
内容：返回包内容大小1：6510

时间：2013-08-16 16:24:40.898385
内容：累计接收：6510

时间：2013-08-16 16:24:40.901383
内容：全部接收：6510

时间：2013-08-16 16:24:40.904412
内容：返回包头大小23

时间：2013-08-16 16:24:40.906413
内容：返回包内容大小11000

时间：2013-08-16 16:24:40.908385
内容：错误码0

时间：2013-08-16 16:24:40.910386
内容：CKLineChartWnd视图层收到应答

时间：2013-08-16 16:24:40.913386
内容：最高价9.03999996

时间：2013-08-16 16:24:40.915390
内容：最低价7.17999983

时间：2013-08-16 16:24:40.916386
内容：要画的k线个数41

时间：2013-08-16 16:24:43.899949
内容：价差186

时间：2013-08-16 16:24:43.903954
内容：刻度值35

时间：2013-08-16 16:24:43.910958
内容：份数5

时间：2013-08-16 16:24:43.915965
内容：第一个坐标值=735

时间：2013-08-16 16:24:43.920957
内容：全部坐标值=735

时间：2013-08-16 16:24:43.925964
内容：全部坐标值=770

时间：2013-08-16 16:24:43.929957
内容：全部坐标值=805

时间：2013-08-16 16:24:43.934959
内容：全部坐标值=840

时间：2013-08-16 16:24:43.938961
内容：全部坐标值=875

时间：2013-08-16 17:36:25.042801
内容：连接行情服务器成功!

时间：2013-08-16 17:36:28.509379
内容：返回包内容大小1：6510

时间：2013-08-16 17:36:28.511380
内容：累计接收：1460

时间：2013-08-16 17:36:28.563386
内容：累计接收：6510

时间：2013-08-16 17:36:28.565388
内容：全部接收：6510

时间：2013-08-16 17:36:28.568389
内容：返回包头大小23

时间：2013-08-16 17:36:28.569391
内容：返回包内容大小11000

时间：2013-08-16 17:36:28.571405
内容：错误码0

时间：2013-08-16 17:36:28.572388
内容：CKLineChartWnd视图层收到应答

时间：2013-08-16 17:36:28.575389
内容：最高价9.03999996

时间：2013-08-16 17:36:28.577390
内容：最低价7.17999983

时间：2013-08-16 17:36:28.578391
内容：要画的k线个数41

时间：2013-08-16 17:36:28.580392
内容：价差186

时间：2013-08-16 17:36:28.581391
内容：刻度值35

时间：2013-08-16 17:36:28.583390
内容：份数5

时间：2013-08-16 17:36:28.584392
内容：第一个坐标值=735

时间：2013-08-16 17:36:28.585391
内容：全部坐标值=735

时间：2013-08-16 17:36:28.587394
内容：全部坐标值=770

时间：2013-08-16 17:36:28.588392
内容：全部坐标值=805

时间：2013-08-16 17:36:28.590390
内容：全部坐标值=840

时间：2013-08-16 17:36:28.593392
内容：全部坐标值=875

时间：2013-08-16 17:43:04.600964
内容：连接行情服务器成功!

时间：2013-08-16 17:43:06.827348
内容：返回包内容大小1：6510

时间：2013-08-16 17:43:06.829356
内容：累计接收：1460

时间：2013-08-16 17:43:06.883360
内容：累计接收：6510

时间：2013-08-16 17:43:06.885342
内容：全部接收：6510

时间：2013-08-16 17:43:06.887342
内容：返回包头大小23

时间：2013-08-16 17:43:06.889362
内容：返回包内容大小11000

时间：2013-08-16 17:43:06.891344
内容：错误码0

时间：2013-08-16 17:43:06.892363
内容：CKLineChartWnd视图层收到应答

时间：2013-08-16 17:43:06.895363
内容：最高价9.03999996

时间：2013-08-16 17:43:06.896346
内容：最低价7.17999983

时间：2013-08-16 17:43:06.898359
内容：要画的k线个数41

时间：2013-08-16 17:43:06.900344
内容：价差186

时间：2013-08-16 17:43:06.901363
内容：刻度值35

时间：2013-08-16 17:43:06.903354
内容：份数5

时间：2013-08-16 17:43:06.905345
内容：第一个坐标值=735

时间：2013-08-16 17:44:12.951392
内容：连接行情服务器成功!

时间：2013-08-16 17:44:16.305359
内容：返回包内容大小1：6510

时间：2013-08-16 17:44:16.306374
内容：累计接收：1460

时间：2013-08-16 17:44:16.369365
内容：累计接收：6510

时间：2013-08-16 17:44:16.370382
内容：全部接收：6510

时间：2013-08-16 17:44:16.373389
内容：返回包头大小23

时间：2013-08-16 17:44:16.374381
内容：返回包内容大小11000

时间：2013-08-16 17:44:16.375384
内容：错误码0

时间：2013-08-16 17:44:16.377384
内容：CKLineChartWnd视图层收到应答

时间：2013-08-16 17:44:16.379367
内容：最高价9.03999996

时间：2013-08-16 17:44:16.381368
内容：最低价7.17999983

时间：2013-08-16 17:44:16.382367
内容：要画的k线个数41

时间：2013-08-16 17:45:45.687412
内容：连接行情服务器成功!

时间：2013-08-16 17:45:48.428243
内容：返回包内容大小1：6510

时间：2013-08-16 17:45:48.429243
内容：累计接收：1460

时间：2013-08-16 17:45:48.491251
内容：累计接收：6510

时间：2013-08-16 17:45:48.493251
内容：全部接收：6510

时间：2013-08-16 17:45:48.496251
内容：返回包头大小23

时间：2013-08-16 17:45:48.497267
内容：返回包内容大小11000

时间：2013-08-16 17:45:48.499251
内容：错误码0

时间：2013-08-16 17:45:48.500252
内容：CKLineChartWnd视图层收到应答

时间：2013-08-16 17:45:48.504252
内容：最高价9.03999996

时间：2013-08-16 17:45:48.505252
内容：最低价7.17999983

时间：2013-08-16 17:45:48.507271
内容：要画的k线个数41

时间：2013-08-16 17:46:45.272143
内容：价差186

时间：2013-08-16 17:46:45.276143
内容：刻度值35

时间：2013-08-16 17:46:45.283148
内容：份数5

时间：2013-08-16 17:46:45.289156
内容：第一个坐标值=735

时间：2013-08-16 17:46:55.978726
内容：全部坐标值=735

时间：2013-08-16 17:46:55.982711
内容：全部坐标值=770

时间：2013-08-16 17:46:55.987720
内容：全部坐标值=805

时间：2013-08-16 17:46:55.991728
内容：全部坐标值=840

时间：2013-08-16 17:46:55.995729
内容：全部坐标值=875

时间：2013-08-16 17:47:32.111466
内容：连接行情服务器成功!

时间：2013-08-16 17:47:34.150424
内容：返回包内容大小1：6510

时间：2013-08-16 17:47:34.152431
内容：累计接收：1460

时间：2013-08-16 17:47:34.207418
内容：累计接收：6510

时间：2013-08-16 17:47:34.209438
内容：全部接收：6510

时间：2013-08-16 17:47:34.212419
内容：返回包头大小23

时间：2013-08-16 17:47:34.214438
内容：返回包内容大小11000

时间：2013-08-16 17:47:34.216439
内容：错误码0

时间：2013-08-16 17:47:34.217420
内容：CKLineChartWnd视图层收到应答

时间：2013-08-16 17:47:34.221421
内容：最高价9.03999996

时间：2013-08-16 17:47:34.223421
内容：最低价7.17999983

时间：2013-08-16 17:47:34.224440
内容：要画的k线个数41

时间：2013-08-16 17:47:37.058001
内容：价差186

时间：2013-08-16 17:47:37.062008
内容：刻度值50

时间：2013-08-16 17:47:37.067016
内容：份数3

时间：2013-08-16 17:47:37.072001
内容：第一个坐标值=750

时间：2013-08-16 17:47:39.350567
内容：全部坐标值=750

时间：2013-08-16 17:47:39.356553
内容：全部坐标值=800

时间：2013-08-16 17:47:39.361552
内容：全部坐标值=850

时间：2013-08-16 18:06:22.467778
内容：连接行情服务器成功!

时间：2013-08-16 18:06:24.857989
内容：返回包内容大小1：6510

时间：2013-08-16 18:06:24.858975
内容：累计接收：1460

时间：2013-08-16 18:06:24.921997
内容：累计接收：6510

时间：2013-08-16 18:06:24.923998
内容：全部接收：6510

时间：2013-08-16 18:06:24.926983
内容：返回包头大小23

时间：2013-08-16 18:06:24.927981
内容：返回包内容大小11000

时间：2013-08-16 18:06:24.929983
内容：错误码0

时间：2013-08-16 18:06:24.930980
内容：CKLineChartWnd视图层收到应答

时间：2013-08-16 18:06:24.933982
内容：最高价9.03999996

时间：2013-08-16 18:06:24.935998
内容：最低价7.17999983

时间：2013-08-16 18:06:24.936981
内容：要画的k线个数41

时间：2013-08-16 18:06:24.938983
内容：价差186

时间：2013-08-16 18:06:24.940984
内容：刻度值50

时间：2013-08-16 18:06:24.941984
内容：份数3

时间：2013-08-16 18:06:24.944000
内容：第一个坐标值=750

时间：2013-08-16 18:06:26.867836
内容：全部坐标值=750

时间：2013-08-16 18:06:26.872827
内容：全部坐标值=800

时间：2013-08-16 18:06:26.878827
内容：全部坐标值=850

时间：2013-08-16 18:41:47.354658
内容：连接行情服务器成功!

时间：2013-08-16 18:41:51.072839
内容：返回包内容大小1：6510

时间：2013-08-16 18:41:51.073840
内容：累计接收：1460

时间：2013-08-16 18:41:51.136847
内容：累计接收：6510

时间：2013-08-16 18:41:51.138847
内容：全部接收：6510

时间：2013-08-16 18:41:51.140849
内容：返回包头大小23

时间：2013-08-16 18:41:51.142848
内容：返回包内容大小11000

时间：2013-08-16 18:41:51.144849
内容：错误码0

时间：2013-08-16 18:41:51.145848
内容：CKLineChartWnd视图层收到应答

时间：2013-08-16 18:41:51.150875
内容：最高价9.03999996

时间：2013-08-16 18:41:51.152875
内容：最低价7.17999983

时间：2013-08-16 18:41:51.153877
内容：要画的k线个数41

时间：2013-08-16 18:41:51.154852
内容：价差186

时间：2013-08-16 18:41:51.156850
内容：刻度值50

时间：2013-08-16 18:41:51.157865
内容：份数3

时间：2013-08-16 18:41:51.159867
内容：第一个坐标值=750

时间：2013-08-16 18:41:53.074208
内容：全部坐标值=750

时间：2013-08-16 18:41:53.075208
内容：全部坐标值=800

时间：2013-08-16 18:41:53.077211
内容：全部坐标值=850

时间：2013-08-16 18:42:14.810564
内容：连接行情服务器成功!

时间：2013-08-16 18:42:17.019008
内容：返回包内容大小1：6510

时间：2013-08-16 18:42:17.020007
内容：累计接收：1460

时间：2013-08-16 18:42:17.083016
内容：累计接收：6510

时间：2013-08-16 18:42:17.085017
内容：全部接收：6510

时间：2013-08-16 18:42:17.087017
内容：返回包头大小23

时间：2013-08-16 18:42:17.089016
内容：返回包内容大小11000

时间：2013-08-16 18:42:17.090016
内容：错误码0

时间：2013-08-16 18:42:17.092016
内容：CKLineChartWnd视图层收到应答

时间：2013-08-16 18:42:17.096018
内容：最高价9.03999996

时间：2013-08-16 18:42:17.098017
内容：最低价7.17999983

时间：2013-08-16 18:42:17.099018
内容：要画的k线个数41

时间：2013-08-16 18:42:17.100018
内容：价差186

时间：2013-08-16 18:42:17.102018
内容：刻度值50

时间：2013-08-16 18:42:17.103018
内容：份数3

时间：2013-08-16 18:42:17.105017
内容：第一个坐标值=750

时间：2013-08-16 18:43:34.813857
内容：连接行情服务器成功!

时间：2013-08-16 18:43:37.606849
内容：返回包内容大小1：6510

时间：2013-08-16 18:43:37.608868
内容：累计接收：1460

时间：2013-08-16 18:43:37.663858
内容：累计接收：6510

时间：2013-08-16 18:43:37.665875
内容：全部接收：6510

时间：2013-08-16 18:43:37.667856
内容：返回包头大小23

时间：2013-08-16 18:43:37.669877
内容：返回包内容大小11000

时间：2013-08-16 18:43:37.670858
内容：错误码0

时间：2013-08-16 18:43:37.672876
内容：CKLineChartWnd视图层收到应答

时间：2013-08-16 18:43:37.676874
内容：最高价9.03999996

时间：2013-08-16 18:43:37.677857
内容：最低价7.17999983

时间：2013-08-16 18:43:37.679875
内容：要画的k线个数41

时间：2013-08-16 18:43:37.681878
内容：价差186

时间：2013-08-16 18:43:37.682863
内容：刻度值50

时间：2013-08-16 18:43:37.683874
内容：份数3

时间：2013-08-16 18:43:37.685880
内容：第一个坐标值=750

时间：2013-08-16 18:44:07.241425
内容：连接行情服务器成功!

时间：2013-08-16 18:44:09.145928
内容：返回包内容大小1：6510

时间：2013-08-16 18:44:09.147933
内容：累计接收：1460

时间：2013-08-16 18:44:09.210934
内容：累计接收：6510

时间：2013-08-16 18:44:09.212936
内容：全部接收：6510

时间：2013-08-16 18:44:09.214934
内容：返回包头大小23

时间：2013-08-16 18:44:09.216934
内容：返回包内容大小11000

时间：2013-08-16 18:44:09.217935
内容：错误码0

时间：2013-08-16 18:44:09.218935
内容：CKLineChartWnd视图层收到应答

时间：2013-08-16 18:44:09.223936
内容：最高价9.03999996

时间：2013-08-16 18:44:09.224937
内容：最低价7.17999983

时间：2013-08-16 18:44:09.225936
内容：要画的k线个数41

时间：2013-08-16 18:44:09.227937
内容：价差186

时间：2013-08-16 18:44:09.228937
内容：刻度值50

时间：2013-08-16 18:44:09.229937
内容：份数3

时间：2013-08-16 18:44:09.231937
内容：第一个坐标值=750

时间：2013-08-16 18:44:11.050917
内容：全部坐标值=750

时间：2013-08-16 18:44:11.055917
内容：全部坐标值=800

时间：2013-08-16 18:44:11.060922
内容：全部坐标值=850

时间：2013-08-16 18:45:15.697428
内容：连接行情服务器成功!

时间：2013-08-16 18:45:17.983658
内容：返回包内容大小1：6510

时间：2013-08-16 18:45:17.985678
内容：累计接收：1460

时间：2013-08-16 18:45:18.040667
内容：累计接收：6510

时间：2013-08-16 18:45:18.042666
内容：全部接收：6510

时间：2013-08-16 18:45:18.044666
内容：返回包头大小23

时间：2013-08-16 18:45:18.046684
内容：返回包内容大小11000

时间：2013-08-16 18:45:18.048688
内容：错误码0

时间：2013-08-16 18:45:18.049667
内容：CKLineChartWnd视图层收到应答

时间：2013-08-16 18:45:18.053685
内容：最高价9.03999996

时间：2013-08-16 18:45:18.055686
内容：最低价7.17999983

时间：2013-08-16 18:45:18.056668
内容：要画的k线个数41

时间：2013-08-16 18:45:18.058668
内容：价差186

时间：2013-08-16 18:45:18.059686
内容：刻度值50

时间：2013-08-16 18:45:18.060679
内容：份数3

时间：2013-08-16 18:45:18.062670
内容：第一个坐标值=750

时间：2013-08-16 18:45:19.685726
内容：全部坐标值=750

时间：2013-08-16 18:45:19.690727
内容：全部坐标值=800

时间：2013-08-16 18:45:19.697779
内容：全部坐标值=850

时间：2013-08-16 18:46:27.473807
内容：连接行情服务器成功!

时间：2013-08-16 18:46:29.595081
内容：返回包内容大小1：6510

时间：2013-08-16 18:46:29.597083
内容：累计接收：1460

时间：2013-08-16 18:46:29.652085
内容：累计接收：6510

时间：2013-08-16 18:46:29.653088
内容：全部接收：6510

时间：2013-08-16 18:46:29.656085
内容：返回包头大小23

时间：2013-08-16 18:46:29.658086
内容：返回包内容大小11000

时间：2013-08-16 18:46:29.659086
内容：错误码0

时间：2013-08-16 18:46:29.660087
内容：CKLineChartWnd视图层收到应答

时间：2013-08-16 18:46:29.663087
内容：最高价9.03999996

时间：2013-08-16 18:46:29.664087
内容：最低价7.17999983

时间：2013-08-16 18:46:29.666087
内容：要画的k线个数41

时间：2013-08-16 18:46:29.668102
内容：价差186

时间：2013-08-16 18:46:29.669087
内容：刻度值50

时间：2013-08-16 18:46:29.671105
内容：份数3

时间：2013-08-16 18:46:29.672106
内容：第一个坐标值=750

时间：2013-08-16 18:46:31.593314
内容：全部坐标值=750

时间：2013-08-16 18:46:31.598310
内容：全部坐标值=800

时间：2013-08-16 18:46:31.603299
内容：全部坐标值=850

时间：2013-08-16 23:46:11.679614
内容：连接行情服务器成功!

时间：2013-08-16 23:46:14.673464
内容：返回包内容大小1：6510

时间：2013-08-16 23:46:14.675467
内容：累计接收：1412

时间：2013-08-16 23:46:14.729487
内容：累计接收：6510

时间：2013-08-16 23:46:14.732489
内容：全部接收：6510

时间：2013-08-16 23:46:14.736472
内容：返回包头大小23

时间：2013-08-16 23:46:14.737488
内容：返回包内容大小11000

时间：2013-08-16 23:46:14.739491
内容：错误码0

时间：2013-08-16 23:46:14.740472
内容：CKLineChartWnd视图层收到应答

时间：2013-08-16 23:46:14.742472
内容：最高价9.03999996

时间：2013-08-16 23:46:14.744473
内容：最低价7.17999983

时间：2013-08-16 23:46:14.745491
内容：要画的k线个数41

时间：2013-08-16 23:46:14.747494
内容：价差186

时间：2013-08-16 23:46:14.748473
内容：刻度值50

时间：2013-08-16 23:46:14.750496
内容：份数3

时间：2013-08-16 23:46:14.751493
内容：第一个坐标值=750

时间：2013-08-16 23:46:16.936923
内容：全部坐标值=750

时间：2013-08-16 23:46:16.941917
内容：全部坐标值=800

时间：2013-08-16 23:46:16.948962
内容：全部坐标值=850

时间：2013-08-17 00:09:00.573377
内容：连接行情服务器成功!

时间：2013-08-17 00:09:02.871950
内容：返回包内容大小1：6510

时间：2013-08-17 00:09:02.872951
内容：累计接收：1412

时间：2013-08-17 00:09:02.938978
内容：累计接收：6510

时间：2013-08-17 00:09:02.939960
内容：全部接收：6510

时间：2013-08-17 00:09:02.942978
内容：返回包头大小23

时间：2013-08-17 00:09:02.944981
内容：返回包内容大小11000

时间：2013-08-17 00:09:02.946963
内容：错误码0

时间：2013-08-17 00:09:02.947962
内容：CKLineChartWnd视图层收到应答

时间：2013-08-17 00:09:02.950979
内容：最高价9.03999996

时间：2013-08-17 00:09:02.952963
内容：最低价7.17999983

时间：2013-08-17 00:09:02.954968
内容：要画的k线个数41

时间：2013-08-17 00:09:02.956985
内容：价差186

时间：2013-08-17 00:09:02.958981
内容：刻度值50

时间：2013-08-17 00:09:02.961974
内容：份数3

时间：2013-08-17 00:09:02.963980
内容：第一个坐标值=750

时间：2013-08-17 00:09:06.245124
内容：全部坐标值=750

时间：2013-08-17 00:09:06.249123
内容：全部坐标值=800

时间：2013-08-17 00:09:06.256142
内容：全部坐标值=850

时间：2013-08-18 13:29:25.527895
内容：连接行情服务器成功!

时间：2013-08-18 13:29:28.439384
内容：返回包内容大小1：6510

时间：2013-08-18 13:29:28.440384
内容：累计接收：1412

时间：2013-08-18 13:29:28.496412
内容：累计接收：6510

时间：2013-08-18 13:29:28.498392
内容：全部接收：6510

时间：2013-08-18 13:29:28.501392
内容：返回包头大小23

时间：2013-08-18 13:29:28.502393
内容：返回包内容大小11000

时间：2013-08-18 13:29:28.504393
内容：错误码0

时间：2013-08-18 13:29:28.505393
内容：CKLineChartWnd视图层收到应答

时间：2013-08-18 13:29:28.508410
内容：最高价9.03999996

时间：2013-08-18 13:29:28.510411
内容：最低价7.17999983

时间：2013-08-18 13:29:28.511394
内容：要画的k线个数41

时间：2013-08-18 13:29:28.513394
内容：价差186

时间：2013-08-18 13:29:28.514394
内容：刻度值50

时间：2013-08-18 13:29:28.516395
内容：份数3

时间：2013-08-18 13:29:28.517395
内容：第一个坐标值=750

时间：2013-08-18 13:29:28.519396
内容：全部坐标值=750

时间：2013-08-18 13:29:28.521397
内容：全部坐标值=800

时间：2013-08-18 13:29:28.522396
内容：全部坐标值=850

时间：2013-08-18 13:31:47.076344
内容：连接行情服务器成功!

时间：2013-08-18 13:31:52.406694
内容：返回包内容大小1：6510

时间：2013-08-18 13:31:52.408692
内容：累计接收：1412

时间：2013-08-18 13:31:52.472700
内容：累计接收：6510

时间：2013-08-18 13:31:52.474717
内容：全部接收：6510

时间：2013-08-18 13:31:52.477700
内容：返回包头大小23

时间：2013-08-18 13:31:52.478717
内容：返回包内容大小11000

时间：2013-08-18 13:31:52.480700
内容：错误码0

时间：2013-08-18 13:31:52.481711
内容：CKLineChartWnd视图层收到应答

时间：2013-08-18 13:31:52.486717
内容：最高价9.03999996

时间：2013-08-18 13:31:52.488700
内容：最低价7.17999983

时间：2013-08-18 13:31:52.489717
内容：要画的k线个数41

时间：2013-08-18 13:31:52.491717
内容：价差186

时间：2013-08-18 13:31:52.493700
内容：刻度值50

时间：2013-08-18 13:31:52.494701
内容：份数3

时间：2013-08-18 13:31:52.495716
内容：第一个坐标值=750

时间：2013-08-18 13:31:52.497720
内容：全部坐标值=750

时间：2013-08-18 13:31:52.499702
内容：全部坐标值=800

时间：2013-08-18 13:31:52.500721
内容：全部坐标值=850

时间：2013-08-18 13:37:17.698682
内容：连接行情服务器成功!

时间：2013-08-18 13:37:19.853956
内容：返回包内容大小1：6510

时间：2013-08-18 13:37:19.854941
内容：累计接收：1412

时间：2013-08-18 13:37:19.909964
内容：累计接收：6510

时间：2013-08-18 13:37:19.911947
内容：全部接收：6510

时间：2013-08-18 13:37:19.914965
内容：返回包头大小23

时间：2013-08-18 13:37:19.915966
内容：返回包内容大小11000

时间：2013-08-18 13:37:19.917948
内容：错误码0

时间：2013-08-18 13:37:19.920950
内容：CKLineChartWnd视图层收到应答

时间：2013-08-18 13:37:19.925949
内容：最高价9.03999996

时间：2013-08-18 13:37:19.926949
内容：最低价7.17999983

时间：2013-08-18 13:37:19.928950
内容：要画的k线个数41

时间：2013-08-18 13:37:19.930949
内容：价差186

时间：2013-08-18 13:37:19.931951
内容：刻度值50

时间：2013-08-18 13:37:19.933966
内容：份数3

时间：2013-08-18 13:37:19.935953
内容：第一个坐标值=750

时间：2013-08-18 13:37:19.937956
内容：全部坐标值=750

时间：2013-08-18 13:37:19.940967
内容：全部坐标值=800

时间：2013-08-18 13:37:19.942951
内容：全部坐标值=850

时间：2013-08-18 13:44:25.097456
内容：连接行情服务器成功!

时间：2013-08-18 13:44:27.680686
内容：返回包内容大小1：6510

时间：2013-08-18 13:44:27.682684
内容：累计接收：1412

时间：2013-08-18 13:44:27.740693
内容：累计接收：6510

时间：2013-08-18 13:44:27.742693
内容：全部接收：6510

时间：2013-08-18 13:44:27.744695
内容：返回包头大小23

时间：2013-08-18 13:44:27.746731
内容：返回包内容大小11000

时间：2013-08-18 13:44:27.750717
内容：错误码0

时间：2013-08-18 13:44:27.752713
内容：CKLineChartWnd视图层收到应答

时间：2013-08-18 13:44:27.755713
内容：最高价9.03999996

时间：2013-08-18 13:44:27.756694
内容：最低价7.17999983

时间：2013-08-18 13:44:27.757695
内容：要画的k线个数41

时间：2013-08-18 13:44:27.759714
内容：价差186

时间：2013-08-18 13:44:27.760713
内容：刻度值50

时间：2013-08-18 13:44:27.762700
内容：份数3

时间：2013-08-18 13:44:27.763698
内容：第一个坐标值=750

时间：2013-08-18 13:44:27.765713
内容：全部坐标值=750

时间：2013-08-18 13:44:27.767700
内容：全部坐标值=800

时间：2013-08-18 13:44:27.768705
内容：全部坐标值=850

时间：2013-08-18 14:01:06.128448
内容：连接行情服务器成功!

时间：2013-08-18 14:01:09.715904
内容：返回包内容大小1：6510

时间：2013-08-18 14:01:09.717905
内容：累计接收：1412

时间：2013-08-18 14:01:09.771930
内容：累计接收：6510

时间：2013-08-18 14:01:09.772911
内容：全部接收：6510

时间：2013-08-18 14:01:09.775914
内容：返回包头大小23

时间：2013-08-18 14:01:09.777934
内容：返回包内容大小11000

时间：2013-08-18 14:01:09.779912
内容：错误码0

时间：2013-08-18 14:01:09.780912
内容：CKLineChartWnd视图层收到应答

时间：2013-08-18 14:01:09.784932
内容：最高价9.03999996

时间：2013-08-18 14:01:09.786913
内容：最低价7.17999983

时间：2013-08-18 14:01:09.787913
内容：要画的k线个数41

时间：2013-08-18 14:01:09.789933
内容：价差186

时间：2013-08-18 14:01:09.790914
内容：刻度值50

时间：2013-08-18 14:01:09.792914
内容：份数3

时间：2013-08-18 14:01:09.794918
内容：第一个坐标值=750

时间：2013-08-18 14:01:09.795931
内容：全部坐标值=750

时间：2013-08-18 14:01:09.797915
内容：全部坐标值=800

时间：2013-08-18 14:01:09.799914
内容：全部坐标值=850

时间：2013-08-18 14:50:50.334255
内容：连接行情服务器成功!

时间：2013-08-18 14:50:52.749548
内容：返回包内容大小1：6510

时间：2013-08-18 14:50:52.751548
内容：累计接收：1412

时间：2013-08-18 14:50:52.808555
内容：累计接收：6510

时间：2013-08-18 14:50:52.809555
内容：全部接收：6510

时间：2013-08-18 14:50:52.813556
内容：返回包头大小23

时间：2013-08-18 14:50:52.814562
内容：返回包内容大小11000

时间：2013-08-18 14:50:52.816573
内容：错误码0

时间：2013-08-18 14:50:52.818560
内容：CKLineChartWnd视图层收到应答

时间：2013-08-18 14:50:52.821576
内容：最高价9.03999996

时间：2013-08-18 14:50:52.823557
内容：最低价7.17999983

时间：2013-08-18 14:50:52.824573
内容：要画的k线个数41

时间：2013-08-18 14:50:52.826575
内容：价差186

时间：2013-08-18 14:50:52.828563
内容：刻度值50

时间：2013-08-18 14:50:52.829557
内容：份数3

时间：2013-08-18 14:50:52.831577
内容：第一个坐标值=750

时间：2013-08-18 14:50:52.833559
内容：全部坐标值=750

时间：2013-08-18 14:50:52.835559
内容：全部坐标值=800

时间：2013-08-18 14:50:52.836558
内容：全部坐标值=850

时间：2013-08-18 14:59:11.350808
内容：连接行情服务器成功!

时间：2013-08-18 14:59:16.590479
内容：返回包内容大小1：6510

时间：2013-08-18 14:59:16.591479
内容：累计接收：1412

时间：2013-08-18 14:59:16.664491
内容：累计接收：6510

时间：2013-08-18 14:59:16.666489
内容：全部接收：6510

时间：2013-08-18 14:59:16.669491
内容：返回包头大小23

时间：2013-08-18 14:59:16.671497
内容：返回包内容大小11000

时间：2013-08-18 14:59:16.672493
内容：错误码0

时间：2013-08-18 14:59:16.674495
内容：CKLineChartWnd视图层收到应答

时间：2013-08-18 14:59:16.678491
内容：最高价9.03999996

时间：2013-08-18 14:59:16.680490
内容：最低价7.17999983

时间：2013-08-18 14:59:16.681493
内容：要画的k线个数41

时间：2013-08-18 14:59:16.683492
内容：价差186

时间：2013-08-18 14:59:16.684493
内容：刻度值50

时间：2013-08-18 14:59:16.686495
内容：份数3

时间：2013-08-18 14:59:16.687494
内容：第一个坐标值=750

时间：2013-08-18 14:59:16.689494
内容：全部坐标值=750

时间：2013-08-18 14:59:16.691496
内容：全部坐标值=800

时间：2013-08-18 14:59:16.693494
内容：全部坐标值=850

时间：2013-08-18 14:59:55.005573
内容：连接行情服务器成功!

时间：2013-08-18 14:59:57.465907
内容：返回包内容大小1：6510

时间：2013-08-18 14:59:57.467907
内容：累计接收：1412

时间：2013-08-18 14:59:57.616908
内容：累计接收：6510

时间：2013-08-18 14:59:57.618908
内容：全部接收：6510

时间：2013-08-18 14:59:57.621910
内容：返回包头大小23

时间：2013-08-18 14:59:57.622929
内容：返回包内容大小11000

时间：2013-08-18 14:59:57.624909
内容：错误码0

时间：2013-08-18 14:59:57.625909
内容：CKLineChartWnd视图层收到应答

时间：2013-08-18 14:59:57.629909
内容：最高价9.03999996

时间：2013-08-18 14:59:57.631910
内容：最低价7.17999983

时间：2013-08-18 14:59:57.632910
内容：要画的k线个数41

时间：2013-08-18 14:59:57.634912
内容：价差186

时间：2013-08-18 14:59:57.636929
内容：刻度值50

时间：2013-08-18 14:59:57.637912
内容：份数3

时间：2013-08-18 14:59:57.639911
内容：第一个坐标值=750

时间：2013-08-18 14:59:57.640911
内容：全部坐标值=750

时间：2013-08-18 14:59:57.642912
内容：全部坐标值=800

时间：2013-08-18 14:59:57.643912
内容：全部坐标值=850

时间：2013-08-18 15:03:41.687789
内容：连接行情服务器成功!

时间：2013-08-18 15:03:44.488382
内容：返回包内容大小1：6510

时间：2013-08-18 15:03:44.489377
内容：累计接收：1412

时间：2013-08-18 15:03:44.686409
内容：累计接收：6510

时间：2013-08-18 15:03:44.687403
内容：全部接收：6510

时间：2013-08-18 15:03:44.690403
内容：返回包头大小23

时间：2013-08-18 15:03:44.692405
内容：返回包内容大小11000

时间：2013-08-18 15:03:44.693410
内容：错误码0

时间：2013-08-18 15:03:44.695403
内容：CKLineChartWnd视图层收到应答

时间：2013-08-18 15:03:44.699405
内容：最高价9.03999996

时间：2013-08-18 15:03:44.701431
内容：最低价7.17999983

时间：2013-08-18 15:03:44.702404
内容：要画的k线个数41

时间：2013-08-18 15:03:44.704406
内容：价差186

时间：2013-08-18 15:03:44.705422
内容：刻度值50

时间：2013-08-18 15:03:44.707405
内容：份数3

时间：2013-08-18 15:03:44.708424
内容：第一个坐标值=750

时间：2013-08-18 15:03:44.711405
内容：全部坐标值=750

时间：2013-08-18 15:03:44.712407
内容：全部坐标值=800

时间：2013-08-18 15:03:44.714425
内容：全部坐标值=850

时间：2013-08-18 15:06:23.323543
内容：连接行情服务器成功!

时间：2013-08-18 15:06:26.166908
内容：返回包内容大小1：6510

时间：2013-08-18 15:06:26.168908
内容：累计接收：1412

时间：2013-08-18 15:06:26.230916
内容：累计接收：6510

时间：2013-08-18 15:06:26.232918
内容：全部接收：6510

时间：2013-08-18 15:06:26.235918
内容：返回包头大小23

时间：2013-08-18 15:06:26.236917
内容：返回包内容大小11000

时间：2013-08-18 15:06:26.238919
内容：错误码0

时间：2013-08-18 15:06:26.240918
内容：CKLineChartWnd视图层收到应答

时间：2013-08-18 15:06:26.244919
内容：最高价9.03999996

时间：2013-08-18 15:06:26.245918
内容：最低价7.17999983

时间：2013-08-18 15:06:26.247918
内容：要画的k线个数41

时间：2013-08-18 15:06:26.249921
内容：价差186

时间：2013-08-18 15:06:26.251928
内容：刻度值50

时间：2013-08-18 15:06:26.253920
内容：份数3

时间：2013-08-18 15:06:26.254920
内容：第一个坐标值=750

时间：2013-08-18 15:06:26.256920
内容：全部坐标值=750

时间：2013-08-18 15:06:26.258919
内容：全部坐标值=800

时间：2013-08-18 15:06:26.259920
内容：全部坐标值=850

时间：2013-08-18 15:36:39.507638
内容：连接行情服务器成功!

时间：2013-08-18 15:36:43.136103
内容：返回包内容大小1：6510

时间：2013-08-18 15:36:43.138110
内容：累计接收：1412

时间：2013-08-18 15:36:43.193129
内容：累计接收：6510

时间：2013-08-18 15:36:43.194111
内容：全部接收：6510

时间：2013-08-18 15:36:43.197112
内容：返回包头大小23

时间：2013-08-18 15:36:43.199111
内容：返回包内容大小11000

时间：2013-08-18 15:36:43.201112
内容：错误码0

时间：2013-08-18 15:36:43.202112
内容：CKLineChartWnd视图层收到应答

时间：2013-08-18 15:36:43.206112
内容：最高价9.03999996

时间：2013-08-18 15:36:43.208118
内容：最低价7.17999983

时间：2013-08-18 15:36:43.209113
内容：要画的k线个数41

时间：2013-08-18 15:36:43.211116
内容：价差186

时间：2013-08-18 15:36:43.212113
内容：刻度值50

时间：2013-08-18 15:36:43.214113
内容：份数3

时间：2013-08-18 15:36:43.216114
内容：第一个坐标值=750

时间：2013-08-18 15:36:43.218131
内容：全部坐标值=750

时间：2013-08-18 15:36:43.219114
内容：全部坐标值=800

时间：2013-08-18 15:36:43.221117
内容：全部坐标值=850

时间：2013-08-18 17:19:06.075933
内容：连接行情服务器成功!

时间：2013-08-18 17:19:09.532658
内容：返回包内容大小1：6510

时间：2013-08-18 17:19:09.534658
内容：累计接收：1412

时间：2013-08-18 17:19:09.591694
内容：累计接收：6510

时间：2013-08-18 17:19:09.593695
内容：全部接收：6510

时间：2013-08-18 17:19:09.596669
内容：返回包头大小23

时间：2013-08-18 17:19:09.598670
内容：返回包内容大小11000

时间：2013-08-18 17:19:09.599668
内容：错误码0

时间：2013-08-18 17:19:09.601670
内容：CKLineChartWnd视图层收到应答

时间：2013-08-18 17:19:09.604669
内容：最高价9.03999996

时间：2013-08-18 17:19:09.605672
内容：最低价7.17999983

时间：2013-08-18 17:19:09.607669
内容：要画的k线个数41

时间：2013-08-18 17:19:09.608670
内容：价差186

时间：2013-08-18 17:19:09.610677
内容：刻度值50

时间：2013-08-18 17:19:09.611668
内容：份数3

时间：2013-08-18 17:19:09.613695
内容：第一个坐标值=750

时间：2013-08-18 17:19:09.614668
内容：全部坐标值=750

时间：2013-08-18 17:19:09.616668
内容：全部坐标值=800

时间：2013-08-18 17:19:09.618688
内容：全部坐标值=850

时间：2013-08-18 17:49:08.609302
内容：连接行情服务器成功!

时间：2013-08-18 17:49:11.569682
内容：返回包内容大小1：6510

时间：2013-08-18 17:49:11.571699
内容：累计接收：1412

时间：2013-08-18 17:49:11.634689
内容：累计接收：6510

时间：2013-08-18 17:49:11.636697
内容：全部接收：6510

时间：2013-08-18 17:49:11.638689
内容：返回包头大小23

时间：2013-08-18 17:49:11.640690
内容：返回包内容大小11000

时间：2013-08-18 17:49:11.642691
内容：错误码0

时间：2013-08-18 17:49:11.643691
内容：CKLineChartWnd视图层收到应答

时间：2013-08-18 17:49:11.647710
内容：最高价9.03999996

时间：2013-08-18 17:49:11.648692
内容：最低价7.17999983

时间：2013-08-18 17:49:11.650692
内容：要画的k线个数41

时间：2013-08-18 17:49:11.652699
内容：价差186

时间：2013-08-18 17:49:11.653692
内容：刻度值50

时间：2013-08-18 17:49:11.655694
内容：份数3

时间：2013-08-18 17:49:11.656693
内容：第一个坐标值=750

时间：2013-08-18 17:49:11.658694
内容：全部坐标值=750

时间：2013-08-18 17:49:11.660703
内容：全部坐标值=800

时间：2013-08-18 17:49:11.661706
内容：全部坐标值=850

时间：2013-08-18 17:50:28.394492
内容：连接行情服务器成功!

时间：2013-08-18 17:50:30.981183
内容：返回包内容大小1：6510

时间：2013-08-18 17:50:30.984183
内容：累计接收：1412

时间：2013-08-18 17:50:31.037188
内容：累计接收：6510

时间：2013-08-18 17:50:31.039189
内容：全部接收：6510

时间：2013-08-18 17:50:31.042190
内容：返回包头大小23

时间：2013-08-18 17:50:31.045190
内容：返回包内容大小11000

时间：2013-08-18 17:50:31.047192
内容：错误码0

时间：2013-08-18 17:50:31.049192
内容：CKLineChartWnd视图层收到应答

时间：2013-08-18 17:50:31.052193
内容：最高价9.03999996

时间：2013-08-18 17:50:31.054192
内容：最低价7.17999983

时间：2013-08-18 17:50:31.056192
内容：要画的k线个数41

时间：2013-08-18 17:50:31.058192
内容：价差186

时间：2013-08-18 17:50:31.059193
内容：刻度值50

时间：2013-08-18 17:50:31.061192
内容：份数3

时间：2013-08-18 17:50:31.063193
内容：第一个坐标值=750

时间：2013-08-18 17:50:31.064194
内容：全部坐标值=750

时间：2013-08-18 17:50:31.066193
内容：全部坐标值=800

时间：2013-08-18 17:50:31.068195
内容：全部坐标值=850

时间：2013-08-18 19:56:18.101663
内容：连接行情服务器成功!

时间：2013-08-18 19:56:20.643912
内容：返回包内容大小1：6510

时间：2013-08-18 19:56:20.645910
内容：累计接收：1412

时间：2013-08-18 19:56:20.699917
内容：累计接收：6510

时间：2013-08-18 19:56:20.701918
内容：全部接收：6510

时间：2013-08-18 19:56:20.704917
内容：返回包头大小23

时间：2013-08-18 19:56:20.706918
内容：返回包内容大小11000

时间：2013-08-18 19:56:20.707936
内容：错误码0

时间：2013-08-18 19:56:20.709918
内容：CKLineChartWnd视图层收到应答

时间：2013-08-18 19:56:20.712919
内容：最高价9.03999996

时间：2013-08-18 19:56:20.714921
内容：最低价7.17999983

时间：2013-08-18 19:56:20.715919
内容：要画的k线个数41

时间：2013-08-18 19:56:20.717919
内容：价差186

时间：2013-08-18 19:56:20.718919
内容：刻度值50

时间：2013-08-18 19:56:20.720919
内容：份数3

时间：2013-08-18 19:56:20.721920
内容：第一个坐标值=750

时间：2013-08-18 19:56:20.723920
内容：全部坐标值=750

时间：2013-08-18 19:56:20.725938
内容：全部坐标值=800

时间：2013-08-18 19:56:20.726920
内容：全部坐标值=850

时间：2013-08-18 19:56:23.867327
内容：最高价-431602080

时间：2013-08-18 19:56:23.872327
内容：最低价-431602080

时间：2013-08-18 19:56:23.877332
内容：要画的k线个数41

时间：2013-08-18 19:56:23.883331
内容：价差2741524

时间：2013-08-18 19:56:23.890336
内容：刻度值1375000

时间：2013-08-18 19:56:23.896344
内容：份数1

时间：2013-08-18 19:56:23.901332
内容：第一个坐标值=0

时间：2013-08-18 19:56:23.906338
内容：全部坐标值=0

时间：2013-08-18 20:01:39.416205
内容：连接行情服务器成功!

时间：2013-08-18 20:01:41.567639
内容：返回包内容大小1：6510

时间：2013-08-18 20:01:41.569622
内容：累计接收：1412

时间：2013-08-18 20:01:41.624628
内容：累计接收：6510

时间：2013-08-18 20:01:41.626629
内容：全部接收：6510

时间：2013-08-18 20:01:41.628632
内容：返回包头大小23

时间：2013-08-18 20:01:41.631647
内容：返回包内容大小11000

时间：2013-08-18 20:01:41.632632
内容：错误码0

时间：2013-08-18 20:01:41.634649
内容：CKLineChartWnd视图层收到应答

时间：2013-08-18 20:01:41.638650
内容：最高价9.03999996

时间：2013-08-18 20:01:41.640631
内容：最低价7.17999983

时间：2013-08-18 20:01:41.642653
内容：要画的k线个数41

时间：2013-08-18 20:01:41.643632
内容：价差186

时间：2013-08-18 20:01:41.645651
内容：刻度值50

时间：2013-08-18 20:01:41.647635
内容：份数3

时间：2013-08-18 20:01:41.649635
内容：第一个坐标值=750

时间：2013-08-18 20:01:41.650639
内容：全部坐标值=750

时间：2013-08-18 20:01:41.652635
内容：全部坐标值=800

时间：2013-08-18 20:01:41.654636
内容：全部坐标值=850

时间：2013-08-18 20:01:41.657634
内容：最高价-431602080

时间：2013-08-18 20:01:41.659635
内容：最低价-431602080

时间：2013-08-18 20:01:41.660634
内容：要画的k线个数41

时间：2013-08-18 20:02:42.962671
内容：连接行情服务器成功!

时间：2013-08-18 20:02:45.437989
内容：返回包内容大小1：6510

时间：2013-08-18 20:02:45.440005
内容：累计接收：1412

时间：2013-08-18 20:02:45.504012
内容：累计接收：6510

时间：2013-08-18 20:02:45.506014
内容：全部接收：6510

时间：2013-08-18 20:02:45.507997
内容：返回包头大小23

时间：2013-08-18 20:02:45.510014
内容：返回包内容大小11000

时间：2013-08-18 20:02:45.510996
内容：错误码0

时间：2013-08-18 20:02:45.511996
内容：CKLineChartWnd视图层收到应答

时间：2013-08-18 20:02:45.515012
内容：最高价9.03999996

时间：2013-08-18 20:02:45.515997
内容：最低价7.17999983

时间：2013-08-18 20:02:45.518017
内容：要画的k线个数41

时间：2013-08-18 20:02:45.518999
内容：价差186

时间：2013-08-18 20:02:45.521016
内容：刻度值50

时间：2013-08-18 20:02:45.522998
内容：份数3

时间：2013-08-18 20:02:45.525017
内容：第一个坐标值=750

时间：2013-08-18 20:02:45.527014
内容：全部坐标值=750

时间：2013-08-18 20:02:45.527998
内容：全部坐标值=800

时间：2013-08-18 20:02:45.530016
内容：全部坐标值=850

时间：2013-08-18 20:02:45.534002
内容：最高价-431602080

时间：2013-08-18 20:02:45.536002
内容：最低价-431602080

时间：2013-08-18 20:02:45.537001
内容：要画的k线个数41

时间：2013-08-18 20:03:30.483347
内容：连接行情服务器成功!

时间：2013-08-18 20:03:32.801663
内容：返回包内容大小1：6510

时间：2013-08-18 20:03:32.802644
内容：累计接收：1412

时间：2013-08-18 20:03:32.857670
内容：累计接收：6510

时间：2013-08-18 20:03:32.859667
内容：全部接收：6510

时间：2013-08-18 20:03:32.861666
内容：返回包头大小23

时间：2013-08-18 20:03:32.863651
内容：返回包内容大小11000

时间：2013-08-18 20:03:32.865654
内容：错误码0

时间：2013-08-18 20:03:32.866655
内容：CKLineChartWnd视图层收到应答

时间：2013-08-18 20:03:32.869671
内容：最高价9.03999996

时间：2013-08-18 20:03:32.870655
内容：最低价7.17999983

时间：2013-08-18 20:03:32.872672
内容：要画的k线个数41

时间：2013-08-18 20:03:32.873653
内容：价差186

时间：2013-08-18 20:03:32.875674
内容：刻度值50

时间：2013-08-18 20:03:32.876653
内容：份数3

时间：2013-08-18 20:03:32.878654
内容：第一个坐标值=750

时间：2013-08-18 20:03:32.880657
内容：全部坐标值=750

时间：2013-08-18 20:03:32.881657
内容：全部坐标值=800

时间：2013-08-18 20:03:32.883659
内容：全部坐标值=850

时间：2013-08-18 20:03:32.886654
内容：最高价-431602080

时间：2013-08-18 20:03:32.888675
内容：最低价-431602080

时间：2013-08-18 20:03:32.890677
内容：要画的k线个数41

时间：2013-08-18 20:04:26.516097
内容：连接行情服务器成功!

时间：2013-08-18 20:04:29.236382
内容：返回包内容大小1：6510

时间：2013-08-18 20:04:29.237381
内容：累计接收：1412

时间：2013-08-18 20:04:29.301386
内容：累计接收：6510

时间：2013-08-18 20:04:29.303386
内容：全部接收：6510

时间：2013-08-18 20:04:29.306391
内容：返回包头大小23

时间：2013-08-18 20:04:29.307387
内容：返回包内容大小11000

时间：2013-08-18 20:04:29.308406
内容：错误码0

时间：2013-08-18 20:04:29.310407
内容：CKLineChartWnd视图层收到应答

时间：2013-08-18 20:04:29.313391
内容：最高价9.03999996

时间：2013-08-18 20:04:29.315391
内容：最低价7.17999983

时间：2013-08-18 20:04:29.316389
内容：要画的k线个数41

时间：2013-08-18 20:04:29.318399
内容：价差186

时间：2013-08-18 20:04:29.320408
内容：刻度值50

时间：2013-08-18 20:04:29.321408
内容：份数3

时间：2013-08-18 20:04:29.322389
内容：第一个坐标值=750

时间：2013-08-18 20:04:29.324408
内容：全部坐标值=750

时间：2013-08-18 20:04:29.326394
内容：全部坐标值=800

时间：2013-08-18 20:04:29.327408
内容：全部坐标值=850

时间：2013-08-18 20:04:29.331393
内容：最高价-431602080

时间：2013-08-18 20:04:29.332407
内容：最低价-431602080

时间：2013-08-18 20:04:29.334394
内容：要画的k线个数41

时间：2013-08-18 20:05:15.365073
内容：连接行情服务器成功!

时间：2013-08-18 20:05:17.615359
内容：返回包内容大小1：6510

时间：2013-08-18 20:05:17.617358
内容：累计接收：1412

时间：2013-08-18 20:05:17.673369
内容：累计接收：6510

时间：2013-08-18 20:05:17.674367
内容：全部接收：6510

时间：2013-08-18 20:05:17.677371
内容：返回包头大小23

时间：2013-08-18 20:05:17.678368
内容：返回包内容大小11000

时间：2013-08-18 20:05:17.680367
内容：错误码0

时间：2013-08-18 20:05:17.681368
内容：CKLineChartWnd视图层收到应答

时间：2013-08-18 20:05:17.685367
内容：最高价9.03999996

时间：2013-08-18 20:05:17.687372
内容：最低价7.17999983

时间：2013-08-18 20:05:17.688370
内容：要画的k线个数41

时间：2013-08-18 20:05:17.690372
内容：价差186

时间：2013-08-18 20:05:17.691369
内容：刻度值50

时间：2013-08-18 20:05:17.692370
内容：份数3

时间：2013-08-18 20:05:17.694387
内容：第一个坐标值=750

时间：2013-08-18 20:05:17.695368
内容：全部坐标值=750

时间：2013-08-18 20:05:17.697372
内容：全部坐标值=800

时间：2013-08-18 20:05:17.698370
内容：全部坐标值=850

时间：2013-08-18 20:05:17.702373
内容：最高价-431602080

时间：2013-08-18 20:05:17.704374
内容：最低价-431602080

时间：2013-08-18 20:05:17.705370
内容：要画的k线个数41

时间：2013-08-18 20:05:50.715197
内容：连接行情服务器成功!

时间：2013-08-18 20:05:52.979477
内容：返回包内容大小1：6510

时间：2013-08-18 20:05:52.981473
内容：累计接收：1412

时间：2013-08-18 20:05:53.045482
内容：累计接收：6510

时间：2013-08-18 20:05:53.047496
内容：全部接收：6510

时间：2013-08-18 20:05:53.050482
内容：返回包头大小23

时间：2013-08-18 20:05:53.051485
内容：返回包内容大小11000

时间：2013-08-18 20:05:53.053500
内容：错误码0

时间：2013-08-18 20:05:53.055483
内容：CKLineChartWnd视图层收到应答

时间：2013-08-18 20:05:53.059484
内容：最高价9.03999996

时间：2013-08-18 20:05:53.060502
内容：最低价7.17999983

时间：2013-08-18 20:05:53.062484
内容：要画的k线个数41

时间：2013-08-18 20:05:53.064503
内容：价差186

时间：2013-08-18 20:05:53.065504
内容：刻度值50

时间：2013-08-18 20:05:53.067502
内容：份数3

时间：2013-08-18 20:05:53.070485
内容：第一个坐标值=750

时间：2013-08-18 20:05:53.071485
内容：全部坐标值=750

时间：2013-08-18 20:05:53.073503
内容：全部坐标值=800

时间：2013-08-18 20:05:53.075504
内容：全部坐标值=850

时间：2013-08-18 20:05:53.077488
内容：最高价-431602080

时间：2013-08-18 20:05:53.079504
内容：最低价-431602080

时间：2013-08-18 20:05:53.080506
内容：要画的k线个数41

时间：2013-08-18 20:08:16.269607
内容：价差2741524

时间：2013-08-18 20:08:18.614254
内容：刻度值1375000

时间：2013-08-18 20:08:33.019234
内容：份数1

时间：2013-08-18 20:08:46.127781
内容：第一个坐标值=0

时间：2013-08-18 20:11:08.518199
内容：全部坐标值=0

时间：2013-08-18 20:12:56.543521
内容：连接行情服务器成功!

时间：2013-08-18 20:12:58.499775
内容：返回包内容大小1：6510

时间：2013-08-18 20:12:58.501774
内容：累计接收：1412

时间：2013-08-18 20:12:58.555781
内容：累计接收：6510

时间：2013-08-18 20:12:58.557782
内容：全部接收：6510

时间：2013-08-18 20:12:58.560798
内容：返回包头大小23

时间：2013-08-18 20:12:58.562785
内容：返回包内容大小11000

时间：2013-08-18 20:12:58.563780
内容：错误码0

时间：2013-08-18 20:12:58.565799
内容：CKLineChartWnd视图层收到应答

时间：2013-08-18 20:12:58.569798
内容：最高价9.03999996

时间：2013-08-18 20:12:58.570801
内容：最低价7.17999983

时间：2013-08-18 20:12:58.572780
内容：要画的k线个数41

时间：2013-08-18 20:12:58.573802
内容：价差186

时间：2013-08-18 20:12:58.575784
内容：刻度值50

时间：2013-08-18 20:12:58.576785
内容：份数3

时间：2013-08-18 20:12:58.577782
内容：第一个坐标值=750

时间：2013-08-18 20:12:58.579801
内容：全部坐标值=750

时间：2013-08-18 20:12:58.581782
内容：全部坐标值=800

时间：2013-08-18 20:12:58.582799
内容：全部坐标值=850

时间：2013-08-18 20:12:58.586783
内容：最高价-431602080

时间：2013-08-18 20:12:58.588784
内容：最低价-431602080

时间：2013-08-18 20:12:58.590802
内容：要画的k线个数41

时间：2013-08-18 20:13:01.626233
内容：价差2741524

时间：2013-08-18 20:13:01.631481
内容：刻度值1375000

时间：2013-08-18 20:13:01.636503
内容：份数1

时间：2013-08-18 20:13:01.640494
内容：第一个坐标值=0

时间：2013-08-18 20:13:02.403248
内容：全部坐标值=0

时间：2013-08-18 20:15:00.692918
内容：连接行情服务器成功!

时间：2013-08-18 20:15:03.375263
内容：返回包内容大小1：6510

时间：2013-08-18 20:15:03.377263
内容：累计接收：1412

时间：2013-08-18 20:15:03.455293
内容：累计接收：6510

时间：2013-08-18 20:15:03.457273
内容：全部接收：6510

时间：2013-08-18 20:15:03.459292
内容：返回包头大小23

时间：2013-08-18 20:15:03.461293
内容：返回包内容大小11000

时间：2013-08-18 20:15:03.462276
内容：错误码0

时间：2013-08-18 20:15:03.464273
内容：CKLineChartWnd视图层收到应答

时间：2013-08-18 20:15:03.467293
内容：最高价9.03999996

时间：2013-08-18 20:15:03.468277
内容：最低价7.17999983

时间：2013-08-18 20:15:03.470277
内容：要画的k线个数41

时间：2013-08-18 20:15:03.472275
内容：价差186

时间：2013-08-18 20:15:03.474279
内容：刻度值50

时间：2013-08-18 20:15:03.476295
内容：份数3

时间：2013-08-18 20:15:03.477276
内容：第一个坐标值=750

时间：2013-08-18 20:15:03.479275
内容：全部坐标值=750

时间：2013-08-18 20:15:03.481276
内容：全部坐标值=800

时间：2013-08-18 20:15:03.483303
内容：全部坐标值=850

时间：2013-08-18 20:15:03.487279
内容：最高价-431602080

时间：2013-08-18 20:15:03.489284
内容：最低价-431602080

时间：2013-08-18 20:15:03.491280
内容：要画的k线个数41

时间：2013-08-18 20:15:05.555580
内容：价差2741524

时间：2013-08-18 20:15:05.557582
内容：刻度值1375000

时间：2013-08-18 20:15:05.559580
内容：份数1

时间：2013-08-18 20:15:05.562582
内容：第一个坐标值=0

时间：2013-08-18 20:15:05.668813
内容：全部坐标值=0

时间：2013-08-18 20:25:55.143472
内容：连接行情服务器成功!

时间：2013-08-18 20:25:57.807320
内容：返回包内容大小1：6510

时间：2013-08-18 20:25:57.808322
内容：累计接收：1412

时间：2013-08-18 20:25:57.874311
内容：累计接收：6510

时间：2013-08-18 20:25:57.876310
内容：全部接收：6510

时间：2013-08-18 20:25:57.880317
内容：返回包头大小23

时间：2013-08-18 20:25:57.882311
内容：返回包内容大小11000

时间：2013-08-18 20:25:57.883312
内容：错误码0

时间：2013-08-18 20:25:57.885310
内容：CKLineChartWnd视图层收到应答

时间：2013-08-18 20:25:57.887316
内容：最高价9.03999996

时间：2013-08-18 20:25:57.889312
内容：最低价7.17999983

时间：2013-08-18 20:25:57.890312
内容：要画的k线个数41

时间：2013-08-18 20:25:57.892312
内容：价差186

时间：2013-08-18 20:25:57.893312
内容：刻度值50

时间：2013-08-18 20:25:57.894312
内容：份数3

时间：2013-08-18 20:25:57.896313
内容：第一个坐标值=750

时间：2013-08-18 20:25:57.897312
内容：全部坐标值=750

时间：2013-08-18 20:25:57.899314
内容：全部坐标值=800

时间：2013-08-18 20:25:57.902328
内容：全部坐标值=850

时间：2013-08-18 20:25:57.905313
内容：最高价-431602080

时间：2013-08-18 20:25:57.907331
内容：最低价-431602080

时间：2013-08-18 20:25:57.909317
内容：要画的k线个数41

时间：2013-08-18 20:26:13.777905
内容：价差2741524

时间：2013-08-18 20:26:13.779903
内容：刻度值1375000

时间：2013-08-18 20:26:13.781908
内容：份数1

时间：2013-08-18 20:26:13.790912
内容：第一个坐标值=1375000

时间：2013-08-18 20:26:20.239569
内容：全部坐标值=1375000

时间：2014-02-27 18:29:13.019199
内容：连接行情服务器成功!

时间：2014-02-27 18:29:48.226118
内容：连接行情服务器成功!

时间：2014-02-27 18:30:35.580337
内容：连接行情服务器成功!

时间：2014-02-27 18:31:13.911642
内容：连接行情服务器成功!

时间：2014-02-27 18:31:42.845408
内容：连接行情服务器成功!

时间：2014-02-27 18:33:07.377485
内容：连接行情服务器成功!

时间：2014-02-27 18:33:09.850740
内容：返回包内容大小1：6597

时间：2014-02-27 18:33:09.852745
内容：累计接收：1460

时间：2014-02-27 18:33:09.919743
内容：累计接收：6597

时间：2014-02-27 18:33:09.920744
内容：全部接收：6597

时间：2014-02-27 18:33:09.922744
内容：返回包头大小23

时间：2014-02-27 18:33:09.923744
内容：返回包内容大小11000

时间：2014-02-27 18:33:09.924743
内容：错误码0

时间：2014-02-27 18:33:09.925742
内容：CKLineChartWnd视图层收到应答

时间：2014-02-27 18:33:09.928743
内容：最高价9.97000027

时间：2014-02-27 18:33:09.929742
内容：最低价9.01000023

时间：2014-02-27 18:33:09.930743
内容：要画的k线个数44

时间：2014-02-27 18:33:09.931743
内容：价差96

时间：2014-02-27 18:33:09.933744
内容：刻度值35

时间：2014-02-27 18:33:09.935743
内容：份数2

时间：2014-02-27 18:33:09.936746
内容：第一个坐标值=910

时间：2014-02-27 18:33:09.938744
内容：全部坐标值=910

时间：2014-02-27 18:33:09.939745
内容：全部坐标值=945

时间：2014-02-27 18:33:09.942744
内容：最高价-431602080

时间：2014-02-27 18:33:09.943744
内容：最低价-431602080

时间：2014-02-27 18:33:09.945757
内容：要画的k线个数44

时间：2014-02-27 18:33:16.274484
内容：价差2123924

时间：2014-02-27 18:33:16.276488
内容：刻度值1065000

时间：2014-02-27 18:33:16.278484
内容：份数1

时间：2014-02-27 18:33:16.284487
内容：第一个坐标值=1065000

时间：2014-02-27 18:33:18.046220
内容：全部坐标值=1065000

